# JRE version: OpenJDK Runtime Environment Temurin-21.0.9+10 (21.0.9+10) (build 21.0.9+10-LTS)
# Java VM: OpenJDK 64-Bit Server VM Temurin-21.0.9+10 (21.0.9+10-LTS, mixed mode, sharing, tiered, compressed oops, compressed class ptrs, parallel gc, windows-amd64)
GC Precious Log:
 CardTable entry size: 512
 CPUs: 12 total, 12 available
 Memory: 7502M
 Large Page Support: Disabled
 NUMA Support: Disabled
 Compressed Oops: Enabled (32-bit)
 Alignments: Space 512K, Generation 512K, Heap 2M
 Heap Min Capacity: 100M
 Heap Initial Capacity: 100M
 Heap Max Capacity: 2G
 Pre-touch: Disabled
 Parallel Workers: 10
Heap:
 PSYoungGen      total 7680K, used 1586K [0x00000000d5580000, 0x00000000d5e80000, 0x0000000100000000)
  eden space 6144K, 19% used [0x00000000d5580000,0x00000000d56a4b10,0x00000000d5b80000)
  from space 1536K, 27% used [0x00000000d5b80000,0x00000000d5be8000,0x00000000d5d00000)
  to   space 1024K, 0% used [0x00000000d5d80000,0x00000000d5d80000,0x00000000d5e80000)
 ParOldGen       total 1391104K, used 1390977K [0x0000000080000000, 0x00000000d4e80000, 0x00000000d5580000)
  object space 1391104K, 99% used [0x0000000080000000,0x00000000d4e60418,0x00000000d4e80000)
 Metaspace       used 96758K, committed 98560K, reserved 1179648K
  class space    used 9797K, committed 10688K, reserved 1048576K
GC Heap History (20 events):
Event: 9682.609 GC heap before
{Heap before GC invocations=3855 (full 6):
 PSYoungGen      total 7680K, used 7600K [0x00000000d5580000, 0x00000000d6280000, 0x0000000100000000)
  eden space 6144K, 100% used [0x00000000d5580000,0x00000000d5b80000,0x00000000d5b80000)
  from space 1536K, 94% used [0x00000000d5c80000,0x00000000d5dec010,0x00000000d5e00000)
  to   space 3072K, 0% used [0x00000000d5f80000,0x00000000d5f80000,0x00000000d6280000)
 ParOldGen       total 1383424K, used 1383391K [0x0000000080000000, 0x00000000d4700000, 0x00000000d5580000)
  object space 1383424K, 99% used [0x0000000080000000,0x00000000d46f7dd8,0x00000000d4700000)
 Metaspace       used 96736K, committed 98560K, reserved 1179648K
  class space    used 9797K, committed 10688K, reserved 1048576K
}
Event: 9682.614 GC heap after
{Heap after GC invocations=3855 (full 6):
 PSYoungGen      total 7168K, used 784K [0x00000000d5580000, 0x00000000d6080000, 0x0000000100000000)
  eden space 6144K, 0% used [0x00000000d5580000,0x00000000d5580000,0x00000000d5b80000)
  from space 1024K, 76% used [0x00000000d5f80000,0x00000000d6044030,0x00000000d6080000)
  to   space 1536K, 0% used [0x00000000d5d80000,0x00000000d5d80000,0x00000000d5f00000)
 ParOldGen       total 1384960K, used 1384695K [0x0000000080000000, 0x00000000d4880000, 0x00000000d5580000)
  object space 1384960K, 99% used [0x0000000080000000,0x00000000d483ddf8,0x00000000d4880000)
 Metaspace       used 96736K, committed 98560K, reserved 1179648K
  class space    used 9797K, committed 10688K, reserved 1048576K
}
Event: 9683.088 GC heap before
{Heap before GC invocations=3856 (full 6):
 PSYoungGen      total 7168K, used 6928K [0x00000000d5580000, 0x00000000d6080000, 0x0000000100000000)
  eden space 6144K, 100% used [0x00000000d5580000,0x00000000d5b80000,0x00000000d5b80000)
  from space 1024K, 76% used [0x00000000d5f80000,0x00000000d6044030,0x00000000d6080000)
  to   space 1536K, 0% used [0x00000000d5d80000,0x00000000d5d80000,0x00000000d5f00000)
 ParOldGen       total 1384960K, used 1384695K [0x0000000080000000, 0x00000000d4880000, 0x00000000d5580000)
  object space 1384960K, 99% used [0x0000000080000000,0x00000000d483ddf8,0x00000000d4880000)
 Metaspace       used 96736K, committed 98560K, reserved 1179648K
  class space    used 9797K, committed 10688K, reserved 1048576K
}
Event: 9683.100 GC heap after
{Heap after GC invocations=3856 (full 6):
 PSYoungGen      total 7680K, used 1072K [0x00000000d5580000, 0x00000000d6000000, 0x0000000100000000)
  eden space 6144K, 0% used [0x00000000d5580000,0x00000000d5580000,0x00000000d5b80000)
  from space 1536K, 69% used [0x00000000d5d80000,0x00000000d5e8c010,0x00000000d5f00000)
  to   space 1024K, 0% used [0x00000000d5f00000,0x00000000d5f00000,0x00000000d6000000)
 ParOldGen       total 1385472K, used 1385327K [0x0000000080000000, 0x00000000d4900000, 0x00000000d5580000)
  object space 1385472K, 99% used [0x0000000080000000,0x00000000d48dbe38,0x00000000d4900000)
 Metaspace       used 96736K, committed 98560K, reserved 1179648K
  class space    used 9797K, committed 10688K, reserved 1048576K
}
Event: 9683.155 GC heap before
{Heap before GC invocations=3857 (full 6):
 PSYoungGen      total 7680K, used 7216K [0x00000000d5580000, 0x00000000d6000000, 0x0000000100000000)
  eden space 6144K, 100% used [0x00000000d5580000,0x00000000d5b80000,0x00000000d5b80000)
  from space 1536K, 69% used [0x00000000d5d80000,0x00000000d5e8c010,0x00000000d5f00000)
  to   space 1024K, 0% used [0x00000000d5f00000,0x00000000d5f00000,0x00000000d6000000)
 ParOldGen       total 1385472K, used 1385327K [0x0000000080000000, 0x00000000d4900000, 0x00000000d5580000)
  object space 1385472K, 99% used [0x0000000080000000,0x00000000d48dbe38,0x00000000d4900000)
 Metaspace       used 96736K, committed 98560K, reserved 1179648K
  class space    used 9797K, committed 10688K, reserved 1048576K
}
Event: 9683.160 GC heap after
{Heap after GC invocations=3857 (full 6):
 PSYoungGen      total 7168K, used 852K [0x00000000d5580000, 0x00000000d6000000, 0x0000000100000000)
  eden space 6144K, 0% used [0x00000000d5580000,0x00000000d5580000,0x00000000d5b80000)
  from space 1024K, 83% used [0x00000000d5f00000,0x00000000d5fd5200,0x00000000d6000000)
  to   space 1024K, 0% used [0x00000000d5e00000,0x00000000d5e00000,0x00000000d5f00000)
 ParOldGen       total 1386496K, used 1386237K [0x0000000080000000, 0x00000000d4a00000, 0x00000000d5580000)
  object space 1386496K, 99% used [0x0000000080000000,0x00000000d49bf700,0x00000000d4a00000)
 Metaspace       used 96736K, committed 98560K, reserved 1179648K
  class space    used 9797K, committed 10688K, reserved 1048576K
}
Event: 9683.205 GC heap before
{Heap before GC invocations=3858 (full 6):
 PSYoungGen      total 7168K, used 6996K [0x00000000d5580000, 0x00000000d6000000, 0x0000000100000000)
  eden space 6144K, 100% used [0x00000000d5580000,0x00000000d5b80000,0x00000000d5b80000)
  from space 1024K, 83% used [0x00000000d5f00000,0x00000000d5fd5200,0x00000000d6000000)
  to   space 1024K, 0% used [0x00000000d5e00000,0x00000000d5e00000,0x00000000d5f00000)
 ParOldGen       total 1386496K, used 1386237K [0x0000000080000000, 0x00000000d4a00000, 0x00000000d5580000)
  object space 1386496K, 99% used [0x0000000080000000,0x00000000d49bf700,0x00000000d4a00000)
 Metaspace       used 96743K, committed 98560K, reserved 1179648K
  class space    used 9797K, committed 10688K, reserved 1048576K
}
Event: 9683.211 GC heap after
{Heap after GC invocations=3858 (full 6):
 PSYoungGen      total 7168K, used 704K [0x00000000d5580000, 0x00000000d5f80000, 0x0000000100000000)
  eden space 6144K, 0% used [0x00000000d5580000,0x00000000d5580000,0x00000000d5b80000)
  from space 1024K, 68% used [0x00000000d5e00000,0x00000000d5eb0020,0x00000000d5f00000)
  to   space 512K, 0% used [0x00000000d5f00000,0x00000000d5f00000,0x00000000d5f80000)
 ParOldGen       total 1387008K, used 1386929K [0x0000000080000000, 0x00000000d4a80000, 0x00000000d5580000)
  object space 1387008K, 99% used [0x0000000080000000,0x00000000d4a6c6c8,0x00000000d4a80000)
 Metaspace       used 96743K, committed 98560K, reserved 1179648K
  class space    used 9797K, committed 10688K, reserved 1048576K
}
Event: 9683.236 GC heap before
{Heap before GC invocations=3859 (full 6):
 PSYoungGen      total 7168K, used 6848K [0x00000000d5580000, 0x00000000d5f80000, 0x0000000100000000)
  eden space 6144K, 100% used [0x00000000d5580000,0x00000000d5b80000,0x00000000d5b80000)
  from space 1024K, 68% used [0x00000000d5e00000,0x00000000d5eb0020,0x00000000d5f00000)
  to   space 512K, 0% used [0x00000000d5f00000,0x00000000d5f00000,0x00000000d5f80000)
 ParOldGen       total 1387008K, used 1386929K [0x0000000080000000, 0x00000000d4a80000, 0x00000000d5580000)
  object space 1387008K, 99% used [0x0000000080000000,0x00000000d4a6c6c8,0x00000000d4a80000)
 Metaspace       used 96743K, committed 98560K, reserved 1179648K
  class space    used 9797K, committed 10688K, reserved 1048576K
}
Event: 9683.240 GC heap after
{Heap after GC invocations=3859 (full 6):
 PSYoungGen      total 6656K, used 512K [0x00000000d5580000, 0x00000000d5f80000, 0x0000000100000000)
  eden space 6144K, 0% used [0x00000000d5580000,0x00000000d5580000,0x00000000d5b80000)
  from space 512K, 100% used [0x00000000d5f00000,0x00000000d5f80000,0x00000000d5f80000)
  to   space 1536K, 0% used [0x00000000d5c80000,0x00000000d5c80000,0x00000000d5e00000)
 ParOldGen       total 1388032K, used 1387665K [0x0000000080000000, 0x00000000d4b80000, 0x00000000d5580000)
  object space 1388032K, 99% used [0x0000000080000000,0x00000000d4b24728,0x00000000d4b80000)
 Metaspace       used 96743K, committed 98560K, reserved 1179648K
  class space    used 9797K, committed 10688K, reserved 1048576K
}
Event: 9683.282 GC heap before
{Heap before GC invocations=3860 (full 6):
 PSYoungGen      total 6656K, used 6656K [0x00000000d5580000, 0x00000000d5f80000, 0x0000000100000000)
  eden space 6144K, 100% used [0x00000000d5580000,0x00000000d5b80000,0x00000000d5b80000)
  from space 512K, 100% used [0x00000000d5f00000,0x00000000d5f80000,0x00000000d5f80000)
  to   space 1536K, 0% used [0x00000000d5c80000,0x00000000d5c80000,0x00000000d5e00000)
 ParOldGen       total 1388032K, used 1387665K [0x0000000080000000, 0x00000000d4b80000, 0x00000000d5580000)
  object space 1388032K, 99% used [0x0000000080000000,0x00000000d4b24728,0x00000000d4b80000)
 Metaspace       used 96743K, committed 98560K, reserved 1179648K
  class space    used 9797K, committed 10688K, reserved 1048576K
}
Event: 9683.288 GC heap after
{Heap after GC invocations=3860 (full 6):
 PSYoungGen      total 7680K, used 954K [0x00000000d5580000, 0x00000000d5f80000, 0x0000000100000000)
  eden space 6144K, 0% used [0x00000000d5580000,0x00000000d5580000,0x00000000d5b80000)
  from space 1536K, 62% used [0x00000000d5c80000,0x00000000d5d6e900,0x00000000d5e00000)
  to   space 1536K, 0% used [0x00000000d5e00000,0x00000000d5e00000,0x00000000d5f80000)
 ParOldGen       total 1388544K, used 1388153K [0x0000000080000000, 0x00000000d4c00000, 0x00000000d5580000)
  object space 1388544K, 99% used [0x0000000080000000,0x00000000d4b9e748,0x00000000d4c00000)
 Metaspace       used 96743K, committed 98560K, reserved 1179648K
  class space    used 9797K, committed 10688K, reserved 1048576K
}
Event: 9683.323 GC heap before
{Heap before GC invocations=3861 (full 6):
 PSYoungGen      total 7680K, used 7098K [0x00000000d5580000, 0x00000000d5f80000, 0x0000000100000000)
  eden space 6144K, 100% used [0x00000000d5580000,0x00000000d5b80000,0x00000000d5b80000)
  from space 1536K, 62% used [0x00000000d5c80000,0x00000000d5d6e900,0x00000000d5e00000)
  to   space 1536K, 0% used [0x00000000d5e00000,0x00000000d5e00000,0x00000000d5f80000)
 ParOldGen       total 1388544K, used 1388153K [0x0000000080000000, 0x00000000d4c00000, 0x00000000d5580000)
  object space 1388544K, 99% used [0x0000000080000000,0x00000000d4b9e748,0x00000000d4c00000)
 Metaspace       used 96743K, committed 98560K, reserved 1179648K
  class space    used 9797K, committed 10688K, reserved 1048576K
}
Event: 9683.329 GC heap after
{Heap after GC invocations=3861 (full 6):
 PSYoungGen      total 7168K, used 768K [0x00000000d5580000, 0x00000000d5f00000, 0x0000000100000000)
  eden space 6144K, 0% used [0x00000000d5580000,0x00000000d5580000,0x00000000d5b80000)
  from space 1024K, 75% used [0x00000000d5e00000,0x00000000d5ec0020,0x00000000d5f00000)
  to   space 1024K, 0% used [0x00000000d5d00000,0x00000000d5d00000,0x00000000d5e00000)
 ParOldGen       total 1389056K, used 1389009K [0x0000000080000000, 0x00000000d4c80000, 0x00000000d5580000)
  object space 1389056K, 99% used [0x0000000080000000,0x00000000d4c745e0,0x00000000d4c80000)
 Metaspace       used 96743K, committed 98560K, reserved 1179648K
  class space    used 9797K, committed 10688K, reserved 1048576K
}
Event: 9683.370 GC heap before
{Heap before GC invocations=3862 (full 6):
 PSYoungGen      total 7168K, used 6912K [0x00000000d5580000, 0x00000000d5f00000, 0x0000000100000000)
  eden space 6144K, 100% used [0x00000000d5580000,0x00000000d5b80000,0x00000000d5b80000)
  from space 1024K, 75% used [0x00000000d5e00000,0x00000000d5ec0020,0x00000000d5f00000)
  to   space 1024K, 0% used [0x00000000d5d00000,0x00000000d5d00000,0x00000000d5e00000)
 ParOldGen       total 1389056K, used 1389009K [0x0000000080000000, 0x00000000d4c80000, 0x00000000d5580000)
  object space 1389056K, 99% used [0x0000000080000000,0x00000000d4c745e0,0x00000000d4c80000)
 Metaspace       used 96743K, committed 98560K, reserved 1179648K
  class space    used 9797K, committed 10688K, reserved 1048576K
}
Event: 9683.375 GC heap after
{Heap after GC invocations=3862 (full 6):
 PSYoungGen      total 7168K, used 736K [0x00000000d5580000, 0x00000000d5e80000, 0x0000000100000000)
  eden space 6144K, 0% used [0x00000000d5580000,0x00000000d5580000,0x00000000d5b80000)
  from space 1024K, 71% used [0x00000000d5d00000,0x00000000d5db8020,0x00000000d5e00000)
  to   space 512K, 0% used [0x00000000d5e00000,0x00000000d5e00000,0x00000000d5e80000)
 ParOldGen       total 1390080K, used 1389641K [0x0000000080000000, 0x00000000d4d80000, 0x00000000d5580000)
  object space 1390080K, 99% used [0x0000000080000000,0x00000000d4d12640,0x00000000d4d80000)
 Metaspace       used 96743K, committed 98560K, reserved 1179648K
  class space    used 9797K, committed 10688K, reserved 1048576K
}
Event: 9683.425 GC heap before
{Heap before GC invocations=3863 (full 6):
 PSYoungGen      total 7168K, used 6880K [0x00000000d5580000, 0x00000000d5e80000, 0x0000000100000000)
  eden space 6144K, 100% used [0x00000000d5580000,0x00000000d5b80000,0x00000000d5b80000)
  from space 1024K, 71% used [0x00000000d5d00000,0x00000000d5db8020,0x00000000d5e00000)
  to   space 512K, 0% used [0x00000000d5e00000,0x00000000d5e00000,0x00000000d5e80000)
 ParOldGen       total 1390080K, used 1389641K [0x0000000080000000, 0x00000000d4d80000, 0x00000000d5580000)
  object space 1390080K, 99% used [0x0000000080000000,0x00000000d4d12640,0x00000000d4d80000)
 Metaspace       used 96743K, committed 98560K, reserved 1179648K
  class space    used 9797K, committed 10688K, reserved 1048576K
}
Event: 9683.432 GC heap after
{Heap after GC invocations=3863 (full 6):
 PSYoungGen      total 6656K, used 512K [0x00000000d5580000, 0x00000000d5e80000, 0x0000000100000000)
  eden space 6144K, 0% used [0x00000000d5580000,0x00000000d5580000,0x00000000d5b80000)
  from space 512K, 100% used [0x00000000d5e00000,0x00000000d5e80000,0x00000000d5e80000)
  to   space 1536K, 0% used [0x00000000d5b80000,0x00000000d5b80000,0x00000000d5d00000)
 ParOldGen       total 1390592K, used 1390521K [0x0000000080000000, 0x00000000d4e00000, 0x00000000d5580000)
  object space 1390592K, 99% used [0x0000000080000000,0x00000000d4dee418,0x00000000d4e00000)
 Metaspace       used 96743K, committed 98560K, reserved 1179648K
  class space    used 9797K, committed 10688K, reserved 1048576K
}
Event: 13429.730 GC heap before
{Heap before GC invocations=3864 (full 6):
 PSYoungGen      total 6656K, used 6655K [0x00000000d5580000, 0x00000000d5e80000, 0x0000000100000000)
  eden space 6144K, 99% used [0x00000000d5580000,0x00000000d5b7ffd8,0x00000000d5b80000)
  from space 512K, 100% used [0x00000000d5e00000,0x00000000d5e80000,0x00000000d5e80000)
  to   space 1536K, 0% used [0x00000000d5b80000,0x00000000d5b80000,0x00000000d5d00000)
 ParOldGen       total 1390592K, used 1390521K [0x0000000080000000, 0x00000000d4e00000, 0x00000000d5580000)
  object space 1390592K, 99% used [0x0000000080000000,0x00000000d4dee418,0x00000000d4e00000)
 Metaspace       used 96758K, committed 98560K, reserved 1179648K
  class space    used 9797K, committed 10688K, reserved 1048576K
}
Event: 13430.967 GC heap after
{Heap after GC invocations=3864 (full 6):
 PSYoungGen      total 7680K, used 416K [0x00000000d5580000, 0x00000000d5e80000, 0x0000000100000000)
  eden space 6144K, 0% used [0x00000000d5580000,0x00000000d5580000,0x00000000d5b80000)
  from space 1536K, 27% used [0x00000000d5b80000,0x00000000d5be8000,0x00000000d5d00000)
  to   space 1024K, 0% used [0x00000000d5d80000,0x00000000d5d80000,0x00000000d5e80000)
 ParOldGen       total 1391104K, used 1390977K [0x0000000080000000, 0x00000000d4e80000, 0x00000000d5580000)
  object space 1391104K, 99% used [0x0000000080000000,0x00000000d4e60418,0x00000000d4e80000)
 Metaspace       used 96758K, committed 98560K, reserved 1179648K
  class space    used 9797K, committed 10688K, reserved 1048576K
}

